  manager.cpp
C:\Users\thorf\source\repos\SDL2_synth\SDL2_synth\manager.cpp(275,26): warning C4305: '=': truncation from 'int' to 'char'
C:\Users\thorf\source\repos\SDL2_synth\SDL2_synth\manager.cpp(275,22): warning C4309: '=': truncation of constant value
C:\Users\thorf\source\repos\SDL2_synth\SDL2_synth\manager.cpp(278,26): warning C4305: '=': truncation from 'int' to 'char'
C:\Users\thorf\source\repos\SDL2_synth\SDL2_synth\manager.cpp(278,22): warning C4309: '=': truncation of constant value
C:\Users\thorf\source\repos\SDL2_synth\SDL2_synth\manager.cpp(281,26): warning C4305: '=': truncation from 'int' to 'char'
C:\Users\thorf\source\repos\SDL2_synth\SDL2_synth\manager.cpp(281,22): warning C4309: '=': truncation of constant value
C:\Users\thorf\source\repos\SDL2_synth\SDL2_synth\manager.cpp(284,26): warning C4305: '=': truncation from 'int' to 'char'
C:\Users\thorf\source\repos\SDL2_synth\SDL2_synth\manager.cpp(284,22): warning C4309: '=': truncation of constant value
C:\Users\thorf\source\repos\SDL2_synth\SDL2_synth\manager.cpp(287,26): warning C4305: '=': truncation from 'int' to 'char'
C:\Users\thorf\source\repos\SDL2_synth\SDL2_synth\manager.cpp(287,22): warning C4309: '=': truncation of constant value
C:\Users\thorf\source\repos\SDL2_synth\SDL2_synth\manager.cpp(290,26): warning C4305: '=': truncation from 'int' to 'char'
C:\Users\thorf\source\repos\SDL2_synth\SDL2_synth\manager.cpp(290,22): warning C4309: '=': truncation of constant value
C:\Users\thorf\source\repos\SDL2_synth\SDL2_synth\manager.cpp(293,26): warning C4305: '=': truncation from 'int' to 'char'
C:\Users\thorf\source\repos\SDL2_synth\SDL2_synth\manager.cpp(293,22): warning C4309: '=': truncation of constant value
C:\Users\thorf\source\repos\SDL2_synth\SDL2_synth\manager.cpp(296,26): warning C4305: '=': truncation from 'int' to 'char'
C:\Users\thorf\source\repos\SDL2_synth\SDL2_synth\manager.cpp(296,22): warning C4309: '=': truncation of constant value
C:\Users\thorf\source\repos\SDL2_synth\SDL2_synth\manager.cpp(299,26): warning C4305: '=': truncation from 'int' to 'char'
C:\Users\thorf\source\repos\SDL2_synth\SDL2_synth\manager.cpp(299,22): warning C4309: '=': truncation of constant value
C:\Users\thorf\source\repos\SDL2_synth\SDL2_synth\manager.cpp(302,26): warning C4305: '=': truncation from 'int' to 'char'
C:\Users\thorf\source\repos\SDL2_synth\SDL2_synth\manager.cpp(302,22): warning C4309: '=': truncation of constant value
C:\Users\thorf\source\repos\SDL2_synth\SDL2_synth\manager.cpp(305,26): warning C4305: '=': truncation from 'int' to 'char'
C:\Users\thorf\source\repos\SDL2_synth\SDL2_synth\manager.cpp(305,22): warning C4309: '=': truncation of constant value
C:\Users\thorf\source\repos\SDL2_synth\SDL2_synth\manager.cpp(308,26): warning C4305: '=': truncation from 'int' to 'char'
C:\Users\thorf\source\repos\SDL2_synth\SDL2_synth\manager.cpp(308,22): warning C4309: '=': truncation of constant value
C:\Users\thorf\source\repos\SDL2_synth\SDL2_synth\manager.cpp(311,12): warning C4477: 'printf' : format string '%s' requires an argument of type 'char *', but variadic argument 1 has type 'int'
C:\Users\thorf\source\repos\SDL2_synth\SDL2_synth\manager.cpp(383,27): warning C4244: '*=': conversion from 'double' to 'int', possible loss of data
C:\Users\thorf\source\repos\SDL2_synth\SDL2_synth\manager.cpp(462,17): warning C4244: '=': conversion from 'double' to 'int', possible loss of data
  Synth.cpp
  voice.cpp
C:\Users\thorf\source\repos\SDL2_synth\SDL2_synth\voice.cpp(151,37): warning C4244: 'initializing': conversion from 'double' to 'int16_t', possible loss of data
C:\Users\thorf\source\repos\SDL2_synth\SDL2_synth\voice.cpp(175,41): warning C4244: '=': conversion from 'double' to 'int16_t', possible loss of data
  wavetable.cpp
C:\Users\thorf\source\repos\SDL2_synth\SDL2_synth\wavetable.cpp(38,20): warning C4244: 'initializing': conversion from 'double' to 'int', possible loss of data
  Generating Code...
C:\Users\thorf\source\repos\SDL2_synth\SDL2_synth\wavetable.cpp(79): warning C4715: 'wavetable::get_sample_from_table': not all control paths return a value
voice.obj : error LNK2001: unresolved external symbol "public: static short * wavetable::sine_wave_table" (?sine_wave_table@wavetable@@2PAFA)
wavetable.obj : error LNK2001: unresolved external symbol "public: static short * wavetable::sine_wave_table" (?sine_wave_table@wavetable@@2PAFA)
wavetable.obj : error LNK2001: unresolved external symbol "public: static short * wavetable::saw_wave_table" (?saw_wave_table@wavetable@@2PAFA)
wavetable.obj : error LNK2001: unresolved external symbol "public: static double wavetable::sample_rate" (?sample_rate@wavetable@@2NA)
wavetable.obj : error LNK2001: unresolved external symbol "public: static int wavetable::table_length" (?table_length@wavetable@@2HA)
C:\Users\thorf\source\repos\SDL2_synth\Debug\SDL2_synth.exe : fatal error LNK1120: 4 unresolved externals
